Compile Options:
.        DEBUG = N
.    TARGET_OS = UNIX
.  TARGET_UNIX = linux
.  USE_X86_ASM = N
.    CD_TARGET = linux
.   SND_TARGET = sdl
.   VID_TARGET = sdl
.    IN_TARGET = sdl
  MKDIR    build/nqsw
  CC       build/nqsw/alias_model.o
  CC       build/nqsw/buildinfo.o
  CC       build/nqsw/cd_common.o
  CC       build/nqsw/cd_linux.o
  CC       build/nqsw/chase.o
  CC       build/nqsw/cl_demo.o
  CC       build/nqsw/cl_input.o
  CC       build/nqsw/cl_main.o
  CC       build/nqsw/cl_parse.o
  CC       build/nqsw/cl_tent.o
  CC       build/nqsw/cmd.o
  CC       build/nqsw/common.o
  CC       build/nqsw/console.o
  CC       build/nqsw/crc.o
  CC       build/nqsw/cvar.o
  CC       build/nqsw/d_edge.o
  CC       build/nqsw/d_fill.o
  CC       build/nqsw/d_init.o
  CC       build/nqsw/d_modech.o
  CC       build/nqsw/d_part.o
  CC       build/nqsw/d_polyse.o
  CC       build/nqsw/d_scan.o
  CC       build/nqsw/d_sky.o
  CC       build/nqsw/d_sprite.o
  CC       build/nqsw/d_surf.o
  CC       build/nqsw/d_vars.o
  CC       build/nqsw/developer.o
  CC       build/nqsw/draw.o
  CC       build/nqsw/host.o
  CC       build/nqsw/host_cmd.o
  CC       build/nqsw/in_sdl.o
  CC       build/nqsw/keys.o
  CC       build/nqsw/mathlib.o
  CC       build/nqsw/menu.o
  CC       build/nqsw/model.o
  CC       build/nqsw/net_bsd.o
  CC       build/nqsw/net_common.o
  CC       build/nqsw/net_dgrm.o
  CC       build/nqsw/net_loop.o
  CC       build/nqsw/net_main.o
  CC       build/nqsw/net_udp.o
  CC       build/nqsw/pcx.o
  CC       build/nqsw/pr_cmds.o
  CC       build/nqsw/pr_edict.o
  CC       build/nqsw/pr_exec.o
  CC       build/nqsw/r_aclip.o
  CC       build/nqsw/r_alias.o
  CC       build/nqsw/r_bsp.o
  CC       build/nqsw/r_draw.o
  CC       build/nqsw/r_edge.o
  CC       build/nqsw/r_efrag.o
  CC       build/nqsw/r_lerp.o
  CC       build/nqsw/r_light.o
  CC       build/nqsw/r_main.o
  CC       build/nqsw/r_misc.o
  CC       build/nqsw/r_model.o
  CC       build/nqsw/r_part.o
  CC       build/nqsw/r_sky.o
  CC       build/nqsw/r_sprite.o
  CC       build/nqsw/r_surf.o
  CC       build/nqsw/r_vars.o
  CC       build/nqsw/rb_tree.o
  CC       build/nqsw/sbar.o
  MKDIR    build/include
  CC       build/nqsw/screen.o
  GENERATE build/include/tyrquake_icon_128.h
  CC       build/nqsw/shell.o
  CC       build/nqsw/snd_dma.o
  CC       build/nqsw/snd_mem.o
  CC       build/nqsw/snd_mix.o
  CC       build/nqsw/snd_music.o
  CC       build/nqsw/snd_sdl.o
  CC       build/nqsw/sprite_model.o
  CC       build/nqsw/sv_main.o
  CC       build/nqsw/sv_move.o
  CC       build/nqsw/sv_phys.o
  CC       build/nqsw/sv_user.o
  CC       build/nqsw/sys_unix.o
  CC       build/nqsw/vid_mode.o
  CC       build/nqsw/vid_sdl.o
  CC       build/nqsw/view.o
  CC       build/nqsw/wad.o
  CC       build/nqsw/world.o
  CC       build/nqsw/zone.o
  MKDIR    build/nqgl
  CC       build/nqgl/alias_model.o
  CC       build/nqgl/buildinfo.o
  CC       build/nqgl/cd_common.o
  CC       build/nqgl/cd_linux.o
  CC       build/nqgl/chase.o
  CC       build/nqgl/cl_demo.o
  CC       build/nqgl/cl_input.o
  CC       build/nqgl/cl_main.o
  CC       build/nqgl/cl_parse.o
  CC       build/nqgl/cl_tent.o
  CC       build/nqgl/cmd.o
  CC       build/nqgl/common.o
  CC       build/nqgl/console.o
  CC       build/nqgl/crc.o
  CC       build/nqgl/cvar.o
  CC       build/nqgl/developer.o
  CC       build/nqgl/drawhulls.o
  CC       build/nqgl/gl_draw.o
  CC       build/nqgl/gl_extensions.o
  CC       build/nqgl/gl_fog.o
  CC       build/nqgl/gl_mesh.o
  CC       build/nqgl/gl_model.o
  CC       build/nqgl/gl_rmain.o
  CC       build/nqgl/gl_rmisc.o
  CC       build/nqgl/gl_rsurf.o
  CC       build/nqgl/gl_sky.o
  CC       build/nqgl/gl_textures.o
  CC       build/nqgl/gl_warp.o
  CC       build/nqgl/host.o
  CC       build/nqgl/host_cmd.o
  CC       build/nqgl/in_sdl.o
  CC       build/nqgl/keys.o
  CC       build/nqgl/mathlib.o
  CC       build/nqgl/menu.o
  CC       build/nqgl/model.o
  CC       build/nqgl/net_bsd.o
  CC       build/nqgl/net_common.o
  CC       build/nqgl/net_dgrm.o
  CC       build/nqgl/net_loop.o
  CC       build/nqgl/net_main.o
  CC       build/nqgl/net_udp.o
  CC       build/nqgl/pcx.o
  CC       build/nqgl/pr_cmds.o
  CC       build/nqgl/pr_edict.o
  CC       build/nqgl/pr_exec.o
  CC       build/nqgl/qpic.o
  CC       build/nqgl/r_efrag.o
  CC       build/nqgl/r_lerp.o
  CC       build/nqgl/r_light.o
  CC       build/nqgl/r_model.o
  CC       build/nqgl/r_part.o
  CC       build/nqgl/rb_tree.o
  CC       build/nqgl/sbar.o
  CC       build/nqgl/screen.o
  CC       build/nqgl/shell.o
  CC       build/nqgl/snd_dma.o
  CC       build/nqgl/snd_mem.o
  CC       build/nqgl/snd_mix.o
  CC       build/nqgl/snd_music.o
  CC       build/nqgl/snd_sdl.o
  CC       build/nqgl/sprite_model.o
  CC       build/nqgl/sv_main.o
  CC       build/nqgl/sv_move.o
  CC       build/nqgl/sv_phys.o
  CC       build/nqgl/sv_user.o
  CC       build/nqgl/sys_unix.o
  CC       build/nqgl/tga.o
  CC       build/nqgl/vid_mode.o
  CC       build/nqgl/vid_sgl.o
  CC       build/nqgl/view.o
  CC       build/nqgl/wad.o
  CC       build/nqgl/world.o
  CC       build/nqgl/zone.o
  MKDIR    build/qwsw
  CC       build/qwsw/alias_model.o
  CC       build/qwsw/buildinfo.o
  CC       build/qwsw/cd_common.o
  CC       build/qwsw/cd_linux.o
  CC       build/qwsw/cl_cam.o
  CC       build/qwsw/cl_demo.o
  CC       build/qwsw/cl_ents.o
  CC       build/qwsw/cl_input.o
  CC       build/qwsw/cl_main.o
  CC       build/qwsw/cl_parse.o
  CC       build/qwsw/cl_pred.o
  CC       build/qwsw/cl_tent.o
  CC       build/qwsw/cmd.o
  CC       build/qwsw/common.o
  CC       build/qwsw/console.o
  CC       build/qwsw/crc.o
  CC       build/qwsw/cvar.o
  CC       build/qwsw/d_edge.o
  CC       build/qwsw/d_fill.o
  CC       build/qwsw/d_init.o
  CC       build/qwsw/d_modech.o
  CC       build/qwsw/d_part.o
  CC       build/qwsw/d_polyse.o
  CC       build/qwsw/d_scan.o
  CC       build/qwsw/d_sky.o
  CC       build/qwsw/d_sprite.o
  CC       build/qwsw/d_surf.o
  CC       build/qwsw/d_vars.o
  CC       build/qwsw/developer.o
  CC       build/qwsw/draw.o
  CC       build/qwsw/in_sdl.o
  CC       build/qwsw/keys.o
  CC       build/qwsw/mathlib.o
  CC       build/qwsw/md4.o
  CC       build/qwsw/menu.o
  CC       build/qwsw/model.o
  CC       build/qwsw/net_chan.o
  CC       build/qwsw/net_udp.o
  CC       build/qwsw/pcx.o
  CC       build/qwsw/pmove.o
  CC       build/qwsw/pmovetst.o
  CC       build/qwsw/r_aclip.o
  CC       build/qwsw/r_alias.o
  CC       build/qwsw/r_bsp.o
  CC       build/qwsw/r_draw.o
  CC       build/qwsw/r_edge.o
  CC       build/qwsw/r_efrag.o
  CC       build/qwsw/r_lerp.o
  CC       build/qwsw/r_light.o
  CC       build/qwsw/r_main.o
  CC       build/qwsw/r_misc.o
  CC       build/qwsw/r_model.o
  CC       build/qwsw/r_part.o
  CC       build/qwsw/r_sky.o
  CC       build/qwsw/r_sprite.o
  CC       build/qwsw/r_surf.o
  CC       build/qwsw/r_vars.o
  CC       build/qwsw/rb_tree.o
  CC       build/qwsw/sbar.o
  CC       build/qwsw/screen.o
  CC       build/qwsw/shell.o
  CC       build/qwsw/skin.o
  CC       build/qwsw/snd_dma.o
  CC       build/qwsw/snd_mem.o
  CC       build/qwsw/snd_mix.o
  CC       build/qwsw/snd_music.o
  CC       build/qwsw/snd_sdl.o
  CC       build/qwsw/sprite_model.o
  CC       build/qwsw/sys_unix.o
  CC       build/qwsw/vid_mode.o
  CC       build/qwsw/vid_sdl.o
  CC       build/qwsw/view.o
  CC       build/qwsw/wad.o
  CC       build/qwsw/zone.o
  MKDIR    build/qwgl
  CC       build/qwgl/alias_model.o
  CC       build/qwgl/buildinfo.o
  CC       build/qwgl/cd_common.o
  CC       build/qwgl/cd_linux.o
  CC       build/qwgl/cl_cam.o
  CC       build/qwgl/cl_demo.o
  CC       build/qwgl/cl_ents.o
  CC       build/qwgl/cl_input.o
  CC       build/qwgl/cl_main.o
  CC       build/qwgl/cl_parse.o
  CC       build/qwgl/cl_pred.o
  CC       build/qwgl/cl_tent.o
  CC       build/qwgl/cmd.o
  CC       build/qwgl/common.o
  CC       build/qwgl/console.o
  CC       build/qwgl/crc.o
  CC       build/qwgl/cvar.o
  CC       build/qwgl/developer.o
  CC       build/qwgl/drawhulls.o
  CC       build/qwgl/gl_draw.o
  CC       build/qwgl/gl_extensions.o
  CC       build/qwgl/gl_fog.o
  CC       build/qwgl/gl_mesh.o
  CC       build/qwgl/gl_model.o
  CC       build/qwgl/gl_ngraph.o
  CC       build/qwgl/gl_rmain.o
  CC       build/qwgl/gl_rmisc.o
  CC       build/qwgl/gl_rsurf.o
  CC       build/qwgl/gl_sky.o
  CC       build/qwgl/gl_textures.o
  CC       build/qwgl/gl_warp.o
  CC       build/qwgl/in_sdl.o
  CC       build/qwgl/keys.o
  CC       build/qwgl/mathlib.o
  CC       build/qwgl/md4.o
  CC       build/qwgl/menu.o
  CC       build/qwgl/model.o
  CC       build/qwgl/net_chan.o
  CC       build/qwgl/net_udp.o
  CC       build/qwgl/pcx.o
  CC       build/qwgl/pmove.o
  CC       build/qwgl/pmovetst.o
  CC       build/qwgl/qpic.o
  CC       build/qwgl/r_efrag.o
  CC       build/qwgl/r_lerp.o
  CC       build/qwgl/r_light.o
  CC       build/qwgl/r_model.o
  CC       build/qwgl/r_part.o
  CC       build/qwgl/rb_tree.o
  CC       build/qwgl/sbar.o
  CC       build/qwgl/screen.o
  CC       build/qwgl/shell.o
  CC       build/qwgl/skin.o
  CC       build/qwgl/snd_dma.o
  CC       build/qwgl/snd_mem.o
  CC       build/qwgl/snd_mix.o
  CC       build/qwgl/snd_music.o
  CC       build/qwgl/snd_sdl.o
  CC       build/qwgl/sprite_model.o
  CC       build/qwgl/sys_unix.o
  CC       build/qwgl/tga.o
  CC       build/qwgl/vid_mode.o
  CC       build/qwgl/vid_sgl.o
  CC       build/qwgl/view.o
  CC       build/qwgl/wad.o
  CC       build/qwgl/zone.o
  MKDIR    build/qwsv
  CC       build/qwsv/buildinfo.o
  CC       build/qwsv/cmd.o
  CC       build/qwsv/common.o
  CC       build/qwsv/crc.o
  CC       build/qwsv/cvar.o
  CC       build/qwsv/mathlib.o
  CC       build/qwsv/md4.o
  CC       build/qwsv/model.o
  CC       build/qwsv/net_chan.o
  CC       build/qwsv/net_udp.o
  CC       build/qwsv/pmove.o
  CC       build/qwsv/pmovetst.o
  CC       build/qwsv/pr_cmds.o
  CC       build/qwsv/pr_edict.o
  CC       build/qwsv/pr_exec.o
  CC       build/qwsv/rb_tree.o
  CC       build/qwsv/shell.o
  CC       build/qwsv/sv_ccmds.o
  CC       build/qwsv/sv_ents.o
  CC       build/qwsv/sv_init.o
  CC       build/qwsv/sv_main.o
  CC       build/qwsv/sv_move.o
  CC       build/qwsv/sv_nchan.o
  CC       build/qwsv/sv_phys.o
  CC       build/qwsv/sv_send.o
  CC       build/qwsv/sv_user.o
  CC       build/qwsv/sys_unix.o
  CC       build/qwsv/world.o
  CC       build/qwsv/zone.o
  CC       build/nqsw/sdl_common.o
  CC       build/nqgl/sdl_common.o
  CC       build/qwsw/sdl_common.o
  CC       build/qwgl/sdl_common.o
  MKDIR    bin
  LINK     bin/tyr-qwsv
  STRIP    bin/tyr-qwsv
  LINK     bin/tyr-quake
  STRIP    bin/tyr-quake
  LINK     bin/tyr-glquake
  STRIP    bin/tyr-glquake
  LINK     bin/tyr-qwcl
  STRIP    bin/tyr-qwcl
  LINK     bin/tyr-glqwcl
  STRIP    bin/tyr-glqwcl
